<?xml version="1.0" encoding="UTF-8"?>
<!-- Generated by org.testng.reporters.JUnitXMLReporter -->
<testsuite ignored="0" hostname="OM" failures="1" tests="3" name="chromeTest" time="29.611" errors="0" timestamp="2025-01-27T17:52:23 IST">
  <testcase classname="parallelTesting.ParametrizationTest" name="testLogo" time="5.424">
    <failure type="java.lang.AssertionError" message="expected [true] but found [false]">
      <![CDATA[java.lang.AssertionError: expected [true] but found [false]
at parallelTesting.ParametrizationTest.testLogo(ParametrizationTest.java:55)
at java.base/java.util.ArrayList.forEach(ArrayList.java:1507)
at java.base/java.util.concurrent.FutureTask.run(FutureTask.java:264)
at java.base/java.util.concurrent.ThreadPoolExecutor.runWorker(ThreadPoolExecutor.java:1128)
at java.base/java.util.concurrent.ThreadPoolExecutor$Worker.run(ThreadPoolExecutor.java:628)
at java.base/java.lang.Thread.run(Thread.java:830)
... Removed 24 stack frames]]>
    </failure>
  </testcase> <!-- testLogo -->
  <testcase classname="parallelTesting.ParametrizationTest" name="testTitle" time="0.035"/>
  <testcase classname="parallelTesting.ParametrizationTest" name="testUrl" time="0.034"/>
</testsuite> <!-- chromeTest -->
